name: train
run_id: install_deps
env COMSPEC: C:\Windows\system32\cmd.exe
env NUMBER_OF_PROCESSORS: 16
env PATHEXT: .COM;.EXE;.BAT;.CMD;.VBS;.VBE;.JS;.JSE;.WSF;.WSH;.MSC;.CPL
env PROCESSOR_ARCHITECTURE: AMD64
env PROGRAMDATA: C:\ProgramData
env PROGRAMFILES: C:\Program Files
env PROGRAMFILES(X86): C:\Program Files (x86)
env SYSTEMDRIVE: C:
env SYSTEMROOT: C:\Windows
env TEMP: C:\Users\Nusatrip\AppData\Local\Temp
env TMP: C:\Users\Nusatrip\AppData\Local\Temp
env USERPROFILE: C:\Users\Nusatrip
env PATH: C:\Users\Nusatrip\Repo\deploying-machine-learning-models\myassignment-section-05\.tox\test_package\Scripts;C:\Program Files (x86)\Common Files\Oracle\Java\javapath;C:\Program Files\Common Files\Oracle\Java\javapath;C:\Windows\system32;C:\Windows;C:\Windows\System32\Wbem;C:\Windows\System32\WindowsPowerShell\v1.0\;C:\Windows\System32\OpenSSH\;C:\Program Files\PuTTY\;C:\Program Files\Java\jdk1.8.0_202\bin;C:\apache-maven-3.9.4\bin;C:\Program Files\Go\bin;C:\ProgramData\chocolatey\bin;C:\curl-8.4.0_2-win64-mingw\bin;C:\Program Files\Docker\Docker\resources\bin;C:\Program Files\Git\cmd;C:\Program Files\Sublime Text;C:\Users\Nusatrip\.cargo\bin;C:\Users\Nusatrip\anaconda3\Scripts;C:\Users\Nusatrip\anaconda3\;C:\Users\Nusatrip\AppData\Local\Programs\Python\Python37\Scripts\;C:\Users\Nusatrip\AppData\Local\Programs\Python\Python37\;C:\Users\Nusatrip\anaconda3;C:\Users\Nusatrip\anaconda3\Library\mingw-w64\bin;C:\Users\Nusatrip\anaconda3\Library\usr\bin;C:\Users\Nusatrip\anaconda3\Library\bin;C:\Users\Nusatrip\AppData\Local\Microsoft\WindowsApps;C:\Users\Nusatrip\go\bin;C:\Users\Nusatrip\AppData\Local\Programs\Microsoft VS Code\bin;C:\Program Files (x86)\OpenVPN\bin;C:\Program Files\JetBrains\IntelliJ IDEA 2023.2.2\bin;
env PIP_DISABLE_PIP_VERSION_CHECK: 1
env PYTHONIOENCODING: utf-8
env PYTHONPATH: .
env PYTHONHASHSEED: 0
env TOX_ENV_NAME: train
env TOX_WORK_DIR: C:\Users\Nusatrip\Repo\deploying-machine-learning-models\myassignment-section-05\.tox
env TOX_ENV_DIR: C:\Users\Nusatrip\Repo\deploying-machine-learning-models\myassignment-section-05\.tox\test_package
env VIRTUAL_ENV: C:\Users\Nusatrip\Repo\deploying-machine-learning-models\myassignment-section-05\.tox\test_package
env COLUMNS: 120
env LINES: 30
metadata pid: 20104
cwd: C:\Users\Nusatrip\Repo\deploying-machine-learning-models\myassignment-section-05
allow: C:\Users\Nusatrip\Repo\deploying-machine-learning-models\myassignment-section-05\.tox\test_package\Scripts\*:train
cmd: pip install -r C:\Users\Nusatrip\Repo\deploying-machine-learning-models\myassignment-section-05/requirements/test_requirements.txt
exit_code: 0
Collecting numpy<1.25.0,>=1.21.0 (from -r C:\Users\Nusatrip\Repo\deploying-machine-learning-models\myassignment-section-05/requirements\requirements.txt (line 4))
  Using cached numpy-1.24.4-cp311-cp311-win_amd64.whl.metadata (5.6 kB)
Collecting pandas<2.0.0,>=1.3.5 (from -r C:\Users\Nusatrip\Repo\deploying-machine-learning-models\myassignment-section-05/requirements\requirements.txt (line 5))
  Using cached pandas-1.5.3-cp311-cp311-win_amd64.whl (10.3 MB)
Collecting pydantic<2.0.0,>=1.8.1 (from -r C:\Users\Nusatrip\Repo\deploying-machine-learning-models\myassignment-section-05/requirements\requirements.txt (line 6))
  Using cached pydantic-1.10.13-cp311-cp311-win_amd64.whl.metadata (150 kB)
Collecting scikit-learn<2.0.0,>=1.1.3 (from -r C:\Users\Nusatrip\Repo\deploying-machine-learning-models\myassignment-section-05/requirements\requirements.txt (line 7))
  Using cached scikit_learn-1.3.2-cp311-cp311-win_amd64.whl.metadata (11 kB)
Collecting strictyaml<2.0.0,>=1.3.2 (from -r C:\Users\Nusatrip\Repo\deploying-machine-learning-models\myassignment-section-05/requirements\requirements.txt (line 8))
  Using cached strictyaml-1.7.3-py3-none-any.whl (123 kB)
Collecting ruamel.yaml<1.0.0,>=0.16.12 (from -r C:\Users\Nusatrip\Repo\deploying-machine-learning-models\myassignment-section-05/requirements\requirements.txt (line 9))
  Using cached ruamel.yaml-0.18.5-py3-none-any.whl.metadata (23 kB)
Collecting feature-engine<1.6.0,>=1.0.2 (from -r C:\Users\Nusatrip\Repo\deploying-machine-learning-models\myassignment-section-05/requirements\requirements.txt (line 10))
  Using cached feature_engine-1.5.2-py2.py3-none-any.whl (290 kB)
Collecting joblib<2.0.0,>=1.0.1 (from -r C:\Users\Nusatrip\Repo\deploying-machine-learning-models\myassignment-section-05/requirements\requirements.txt (line 11))
  Using cached joblib-1.3.2-py3-none-any.whl.metadata (5.4 kB)
Collecting pytest<8.0.0,>=7.2.0 (from -r C:\Users\Nusatrip\Repo\deploying-machine-learning-models\myassignment-section-05/requirements/test_requirements.txt (line 4))
  Using cached pytest-7.4.3-py3-none-any.whl.metadata (7.9 kB)
Collecting python-dateutil>=2.8.1 (from pandas<2.0.0,>=1.3.5->-r C:\Users\Nusatrip\Repo\deploying-machine-learning-models\myassignment-section-05/requirements\requirements.txt (line 5))
  Using cached python_dateutil-2.8.2-py2.py3-none-any.whl (247 kB)
Collecting pytz>=2020.1 (from pandas<2.0.0,>=1.3.5->-r C:\Users\Nusatrip\Repo\deploying-machine-learning-models\myassignment-section-05/requirements\requirements.txt (line 5))
  Using cached pytz-2023.3.post1-py2.py3-none-any.whl.metadata (22 kB)
Collecting typing-extensions>=4.2.0 (from pydantic<2.0.0,>=1.8.1->-r C:\Users\Nusatrip\Repo\deploying-machine-learning-models\myassignment-section-05/requirements\requirements.txt (line 6))
  Using cached typing_extensions-4.8.0-py3-none-any.whl.metadata (3.0 kB)
Collecting scipy>=1.5.0 (from scikit-learn<2.0.0,>=1.1.3->-r C:\Users\Nusatrip\Repo\deploying-machine-learning-models\myassignment-section-05/requirements\requirements.txt (line 7))
  Using cached scipy-1.11.4-cp311-cp311-win_amd64.whl.metadata (60 kB)
Collecting threadpoolctl>=2.0.0 (from scikit-learn<2.0.0,>=1.1.3->-r C:\Users\Nusatrip\Repo\deploying-machine-learning-models\myassignment-section-05/requirements\requirements.txt (line 7))
  Using cached threadpoolctl-3.2.0-py3-none-any.whl.metadata (10.0 kB)
Collecting ruamel.yaml.clib>=0.2.7 (from ruamel.yaml<1.0.0,>=0.16.12->-r C:\Users\Nusatrip\Repo\deploying-machine-learning-models\myassignment-section-05/requirements\requirements.txt (line 9))
  Using cached ruamel.yaml.clib-0.2.8-cp311-cp311-win_amd64.whl.metadata (2.3 kB)
Collecting statsmodels>=0.11.1 (from feature-engine<1.6.0,>=1.0.2->-r C:\Users\Nusatrip\Repo\deploying-machine-learning-models\myassignment-section-05/requirements\requirements.txt (line 10))
  Using cached statsmodels-0.14.0-cp311-cp311-win_amd64.whl (9.2 MB)
Collecting iniconfig (from pytest<8.0.0,>=7.2.0->-r C:\Users\Nusatrip\Repo\deploying-machine-learning-models\myassignment-section-05/requirements/test_requirements.txt (line 4))
  Using cached iniconfig-2.0.0-py3-none-any.whl (5.9 kB)
Collecting packaging (from pytest<8.0.0,>=7.2.0->-r C:\Users\Nusatrip\Repo\deploying-machine-learning-models\myassignment-section-05/requirements/test_requirements.txt (line 4))
  Using cached packaging-23.2-py3-none-any.whl.metadata (3.2 kB)
Collecting pluggy<2.0,>=0.12 (from pytest<8.0.0,>=7.2.0->-r C:\Users\Nusatrip\Repo\deploying-machine-learning-models\myassignment-section-05/requirements/test_requirements.txt (line 4))
  Using cached pluggy-1.3.0-py3-none-any.whl.metadata (4.3 kB)
Collecting colorama (from pytest<8.0.0,>=7.2.0->-r C:\Users\Nusatrip\Repo\deploying-machine-learning-models\myassignment-section-05/requirements/test_requirements.txt (line 4))
  Using cached colorama-0.4.6-py2.py3-none-any.whl (25 kB)
Collecting six>=1.5 (from python-dateutil>=2.8.1->pandas<2.0.0,>=1.3.5->-r C:\Users\Nusatrip\Repo\deploying-machine-learning-models\myassignment-section-05/requirements\requirements.txt (line 5))
  Using cached six-1.16.0-py2.py3-none-any.whl (11 kB)
Collecting patsy>=0.5.2 (from statsmodels>=0.11.1->feature-engine<1.6.0,>=1.0.2->-r C:\Users\Nusatrip\Repo\deploying-machine-learning-models\myassignment-section-05/requirements\requirements.txt (line 10))
  Using cached patsy-0.5.3-py2.py3-none-any.whl (233 kB)
Using cached numpy-1.24.4-cp311-cp311-win_amd64.whl (14.8 MB)
Using cached pydantic-1.10.13-cp311-cp311-win_amd64.whl (2.1 MB)
Using cached scikit_learn-1.3.2-cp311-cp311-win_amd64.whl (9.2 MB)
Using cached ruamel.yaml-0.18.5-py3-none-any.whl (116 kB)
Using cached joblib-1.3.2-py3-none-any.whl (302 kB)
Using cached pytest-7.4.3-py3-none-any.whl (325 kB)
Using cached pluggy-1.3.0-py3-none-any.whl (18 kB)
Using cached pytz-2023.3.post1-py2.py3-none-any.whl (502 kB)
Using cached ruamel.yaml.clib-0.2.8-cp311-cp311-win_amd64.whl (118 kB)
Using cached scipy-1.11.4-cp311-cp311-win_amd64.whl (44.1 MB)
Using cached packaging-23.2-py3-none-any.whl (53 kB)
Using cached threadpoolctl-3.2.0-py3-none-any.whl (15 kB)
Using cached typing_extensions-4.8.0-py3-none-any.whl (31 kB)
Installing collected packages: pytz, typing-extensions, threadpoolctl, six, ruamel.yaml.clib, pluggy, packaging, numpy, joblib, iniconfig, colorama, scipy, ruamel.yaml, python-dateutil, pytest, pydantic, patsy, strictyaml, scikit-learn, pandas, statsmodels, feature-engine
Successfully installed colorama-0.4.6 feature-engine-1.5.2 iniconfig-2.0.0 joblib-1.3.2 numpy-1.24.4 packaging-23.2 pandas-1.5.3 patsy-0.5.3 pluggy-1.3.0 pydantic-1.10.13 pytest-7.4.3 python-dateutil-2.8.2 pytz-2023.3.post1 ruamel.yaml-0.18.5 ruamel.yaml.clib-0.2.8 scikit-learn-1.3.2 scipy-1.11.4 six-1.16.0 statsmodels-0.14.0 strictyaml-1.7.3 threadpoolctl-3.2.0 typing-extensions-4.8.0
