name: train
run_id: commands[0]
env COMSPEC: C:\Windows\system32\cmd.exe
env NUMBER_OF_PROCESSORS: 16
env PATHEXT: .COM;.EXE;.BAT;.CMD;.VBS;.VBE;.JS;.JSE;.WSF;.WSH;.MSC;.CPL
env PROCESSOR_ARCHITECTURE: AMD64
env PROGRAMDATA: C:\ProgramData
env PROGRAMFILES: C:\Program Files
env PROGRAMFILES(X86): C:\Program Files (x86)
env SYSTEMDRIVE: C:
env SYSTEMROOT: C:\Windows
env TEMP: C:\Users\Nusatrip\AppData\Local\Temp
env TMP: C:\Users\Nusatrip\AppData\Local\Temp
env USERPROFILE: C:\Users\Nusatrip
env PATH: C:\Users\Nusatrip\Repo\deploying-machine-learning-models\myassignment-section-05\.tox\test_package\Scripts;C:\Program Files (x86)\Common Files\Oracle\Java\javapath;C:\Program Files\Common Files\Oracle\Java\javapath;C:\Windows\system32;C:\Windows;C:\Windows\System32\Wbem;C:\Windows\System32\WindowsPowerShell\v1.0\;C:\Windows\System32\OpenSSH\;C:\Program Files\PuTTY\;C:\Program Files\Java\jdk1.8.0_202\bin;C:\apache-maven-3.9.4\bin;C:\Program Files\Go\bin;C:\ProgramData\chocolatey\bin;C:\curl-8.4.0_2-win64-mingw\bin;C:\Program Files\Docker\Docker\resources\bin;C:\Program Files\Git\cmd;C:\Program Files\Sublime Text;C:\Users\Nusatrip\.cargo\bin;C:\Users\Nusatrip\anaconda3\Scripts;C:\Users\Nusatrip\anaconda3\;C:\Users\Nusatrip\AppData\Local\Programs\Python\Python37\Scripts\;C:\Users\Nusatrip\AppData\Local\Programs\Python\Python37\;C:\Users\Nusatrip\anaconda3;C:\Users\Nusatrip\anaconda3\Library\mingw-w64\bin;C:\Users\Nusatrip\anaconda3\Library\usr\bin;C:\Users\Nusatrip\anaconda3\Library\bin;C:\Users\Nusatrip\AppData\Local\Microsoft\WindowsApps;C:\Users\Nusatrip\go\bin;C:\Users\Nusatrip\AppData\Local\Programs\Microsoft VS Code\bin;C:\Program Files (x86)\OpenVPN\bin;C:\Program Files\JetBrains\IntelliJ IDEA 2023.2.2\bin;
env PIP_DISABLE_PIP_VERSION_CHECK: 1
env PYTHONIOENCODING: utf-8
env PYTHONPATH: .
env PYTHONHASHSEED: 0
env TOX_ENV_NAME: train
env TOX_WORK_DIR: C:\Users\Nusatrip\Repo\deploying-machine-learning-models\myassignment-section-05\.tox
env TOX_ENV_DIR: C:\Users\Nusatrip\Repo\deploying-machine-learning-models\myassignment-section-05\.tox\test_package
env VIRTUAL_ENV: C:\Users\Nusatrip\Repo\deploying-machine-learning-models\myassignment-section-05\.tox\test_package
env COLUMNS: 120
env LINES: 30
metadata pid: 19904
cwd: C:\Users\Nusatrip\Repo\deploying-machine-learning-models\myassignment-section-05
allow: C:\Users\Nusatrip\Repo\deploying-machine-learning-models\myassignment-section-05\.tox\test_package\Scripts\*:train
cmd: python classification_model/train_pipeline.py
exit_code: 0
